  main_wave.cpp
H:\VS\Projects\OPMU_4\wave.h(72): error C2059: синтаксическая ошибка: константа
H:\VS\Projects\OPMU_4\wave.h(77): error C2061: синтаксическая ошибка: идентификатор "plan"
H:\VS\Projects\OPMU_4\wave.h(77): error C4430: отсутствует спецификатор типа - предполагается int. Примечание. C++ не поддерживает int по умолчанию
H:\VS\Projects\OPMU_4\wave.h(77): warning C4183: fftwf_execute: отсутствие возвращаемого типа; предполагается функция-член, возвращающая "int"
H:\VS\Projects\OPMU_4\wave.h(78): error C2061: синтаксическая ошибка: идентификатор "plan"
H:\VS\Projects\OPMU_4\wave.h(78): error C4430: отсутствует спецификатор типа - предполагается int. Примечание. C++ не поддерживает int по умолчанию
H:\VS\Projects\OPMU_4\wave.h(78): warning C4183: fftwf_destroy_plan: отсутствие возвращаемого типа; предполагается функция-член, возвращающая "int"
H:\VS\Projects\OPMU_4\wave.h(80): error C2572: Wave::Wave: переопределение параметра по умолчанию: параметр 1
  H:\VS\Projects\OPMU_4\wave.h(31): note:  см. объявление "Wave::Wave"
H:\VS\Projects\OPMU_4\wave.h(80): error C2572: Wave::Wave: переопределение параметра по умолчанию: параметр 2
  H:\VS\Projects\OPMU_4\wave.h(31): note:  см. объявление "Wave::Wave"
H:\VS\Projects\OPMU_4\wave.h(80): error C2535: Wave::Wave(unsigned int,float): функция-член уже определена или объявлена
  H:\VS\Projects\OPMU_4\wave.h(31): note:  см. объявление "Wave::Wave"
H:\VS\Projects\OPMU_4\wave.h(91): error C2535: std::vector<std::complex<float>,std::allocator<_Ty>> Wave::getSignalData(void): функция-член уже определена или объявлена
          with
          [
              _Ty=std::complex<float>
          ]
  H:\VS\Projects\OPMU_4\wave.h(57): note:  см. объявление "Wave::getSignalData"
H:\VS\Projects\OPMU_4\wave.h(42): warning C4305: инициализация: усечение из "double" в "_Ty"
          with
          [
              _Ty=float
          ]
H:\VS\Projects\OPMU_4\wave.h(74): error C3867: "Wave::data": нестандартный синтаксис; используйте "&", чтобы создать указатель на член
H:\VS\Projects\OPMU_4\wave.h(74): error C2109: для индекса требуется массив или указатель
H:\VS\Projects\OPMU_4\wave.h(74): error C2660: fftwf_plan_dft_1d: функция не принимает 3 аргументов
  H:\VS\Projects\OPMU_4\fftw\fftw3.h(359): note:  см. объявление "fftwf_plan_dft_1d"
H:\VS\Projects\OPMU_4\wave.h(46): warning C4244: аргумент: преобразование "double" в "const std::complex<float>::_Ty", возможна потеря данных
H:\VS\Projects\OPMU_4\main_wave.cpp(14): error C2248: Wave::Wave: невозможно обратиться к private член, объявленному в классе "Wave"
  H:\VS\Projects\OPMU_4\wave.h(31): note:  см. объявление "Wave::Wave"
  H:\VS\Projects\OPMU_4\wave.h(28): note:  см. объявление "Wave"
H:\VS\Projects\OPMU_4\main_wave.cpp(16): error C2248: Wave::GenerateSignal: невозможно обратиться к private член, объявленному в классе "Wave"
  H:\VS\Projects\OPMU_4\wave.h(48): note:  см. объявление "Wave::GenerateSignal"
  H:\VS\Projects\OPMU_4\wave.h(28): note:  см. объявление "Wave"
H:\VS\Projects\OPMU_4\main_wave.cpp(17): error C3861: getSignalData: идентификатор не найден
H:\VS\Projects\OPMU_4\main_wave.cpp(18): error C2039: CalculateFFT: не является членом "Wave"
  H:\VS\Projects\OPMU_4\wave.h(28): note:  см. объявление "Wave"
H:\VS\Projects\OPMU_4\main_wave.cpp(19): error C3861: getSpectrFFT: идентификатор не найден
H:\VS\Projects\OPMU_4\main_wave.cpp(20): error C3861: write_adc: идентификатор не найден
